Using pre-set license
Built from '2020.3/staging' branch; Version is '2020.3.16f1 (049d6eca3c44) revision 302446'; Using compiler version '192528614'; Build Type 'Release'
OS: 'Windows 10 Pro; OS build 19044.1645; Version 2009; 64bit' Language: 'pt' Physical Memory: 8060 MB
BatchMode: 1, IsHumanControllingUs: 0, StartBugReporterOnCrash: 0, Is64bit: 1, IsPro: 0

 COMMAND LINE ARGUMENTS:
C:\Program Files\Unity\Hub\Editor\2020.3.16f1\Editor\Unity.exe
-adb2
-batchMode
-noUpm
-name
AssetImportWorker0
-projectPath
C:/Projetos UNITY/two-Racers
-logFile
Logs/AssetImportWorker0.log
-srvPort
64136
Successfully changed project path to: C:/Projetos UNITY/two-Racers
C:/Projetos UNITY/two-Racers
Using Asset Import Pipeline V2.
Refreshing native plugins compatible for Editor in 120.53 ms, found 2 plugins.
Preloading 0 native plugins for Editor in 0.00 ms.
Initialize engine version: 2020.3.16f1 (049d6eca3c44)
[Subsystems] Discovering subsystems at path C:/Program Files/Unity/Hub/Editor/2020.3.16f1/Editor/Data/Resources/UnitySubsystems
[Subsystems] Discovering subsystems at path C:/Projetos UNITY/two-Racers/Assets
GfxDevice: creating device client; threaded=0
Direct3D:
    Version:  Direct3D 11.0 [level 11.1]
    Renderer: NVIDIA GeForce GTX 1650 (ID=0x1f99)
    Vendor:   
    VRAM:     3962 MB
    Driver:   30.0.15.1215
Initialize mono
Mono path[0] = 'C:/Program Files/Unity/Hub/Editor/2020.3.16f1/Editor/Data/Managed'
Mono path[1] = 'C:/Program Files/Unity/Hub/Editor/2020.3.16f1/Editor/Data/MonoBleedingEdge/lib/mono/unityjit'
Mono config path = 'C:/Program Files/Unity/Hub/Editor/2020.3.16f1/Editor/Data/MonoBleedingEdge/etc'
Using monoOptions --debugger-agent=transport=dt_socket,embedding=1,server=y,suspend=n,address=127.0.0.1:56428
Begin MonoManager ReloadAssembly
Registering precompiled unity dll's ...
Register platform support module: C:/Program Files/Unity/Hub/Editor/2020.3.16f1/Editor/Data/PlaybackEngines/WebGLSupport/UnityEditor.WebGL.Extensions.dll
Register platform support module: C:/Program Files/Unity/Hub/Editor/2020.3.16f1/Editor/Data/PlaybackEngines/WindowsStandaloneSupport/UnityEditor.WindowsStandalone.Extensions.dll
Registered in 0.004369 seconds.
Native extension for WindowsStandalone target not found
Native extension for WebGL target not found
Refreshing native plugins compatible for Editor in 44.87 ms, found 2 plugins.
Preloading 0 native plugins for Editor in 0.00 ms.
Mono: successfully reloaded assembly
- Completed reload, in  2.757 seconds
Domain Reload Profiling:
	ReloadAssembly (2757ms)
		BeginReloadAssembly (42ms)
			ExecutionOrderSort (0ms)
			DisableScriptedObjects (0ms)
			BackupInstance (0ms)
			ReleaseScriptingObjects (0ms)
			CreateAndSetChildDomain (1ms)
		EndReloadAssembly (372ms)
			LoadAssemblies (41ms)
			RebuildTransferFunctionScriptingTraits (0ms)
			SetupTypeCache (130ms)
			ReleaseScriptCaches (0ms)
			RebuildScriptCaches (27ms)
			SetupLoadedEditorAssemblies (152ms)
				LogAssemblyErrors (0ms)
				InitializePlatformSupportModulesInManaged (5ms)
				SetLoadedEditorAssemblies (0ms)
				RefreshPlugins (45ms)
				BeforeProcessingInitializeOnLoad (15ms)
				ProcessInitializeOnLoadAttributes (64ms)
				ProcessInitializeOnLoadMethodAttributes (23ms)
				AfterProcessingInitializeOnLoad (0ms)
				EditorAssembliesLoaded (0ms)
			ExecutionOrderSort2 (0ms)
			AwakeInstancesAfterBackupRestoration (0ms)
Platform modules already initialized, skipping
Registering precompiled user dll's ...
Registered in 0.005111 seconds.
Begin MonoManager ReloadAssembly
Native extension for WindowsStandalone target not found
Native extension for WebGL target not found
Refreshing native plugins compatible for Editor in 0.66 ms, found 2 plugins.
Preloading 0 native plugins for Editor in 0.00 ms.
Mono: successfully reloaded assembly
- Completed reload, in  0.948 seconds
Domain Reload Profiling:
	ReloadAssembly (948ms)
		BeginReloadAssembly (133ms)
			ExecutionOrderSort (0ms)
			DisableScriptedObjects (4ms)
			BackupInstance (0ms)
			ReleaseScriptingObjects (0ms)
			CreateAndSetChildDomain (21ms)
		EndReloadAssembly (763ms)
			LoadAssemblies (87ms)
			RebuildTransferFunctionScriptingTraits (0ms)
			SetupTypeCache (246ms)
			ReleaseScriptCaches (0ms)
			RebuildScriptCaches (41ms)
			SetupLoadedEditorAssemblies (303ms)
				LogAssemblyErrors (0ms)
				InitializePlatformSupportModulesInManaged (5ms)
				SetLoadedEditorAssemblies (0ms)
				RefreshPlugins (1ms)
				BeforeProcessingInitializeOnLoad (75ms)
				ProcessInitializeOnLoadAttributes (185ms)
				ProcessInitializeOnLoadMethodAttributes (32ms)
				AfterProcessingInitializeOnLoad (5ms)
				EditorAssembliesLoaded (0ms)
			ExecutionOrderSort2 (0ms)
			AwakeInstancesAfterBackupRestoration (6ms)
Platform modules already initialized, skipping
========================================================================
Worker process is ready to serve import requests
Launched and connected shader compiler UnityShaderCompiler.exe after 0.06 seconds
Refreshing native plugins compatible for Editor in 0.66 ms, found 2 plugins.
Preloading 0 native plugins for Editor in 0.00 ms.
Unloading 1880 Unused Serialized files (Serialized files now loaded: 0)
System memory in use before: 78.7 MB.
System memory in use after: 78.8 MB.

Unloading 56 unused Assets to reduce memory usage. Loaded Objects now: 2288.
Total: 4.954500 ms (FindLiveObjects: 0.175300 ms CreateObjectMapping: 0.066100 ms MarkObjects: 4.633600 ms  DeleteObjects: 0.078400 ms)

AssetImportParameters requested are different than current active one (requested -> active):
  custom:framework-win-MediaFoundation: 216162199b28c13a410421893ffa2e32 -> 
  custom:video-decoder-ogg-theora: a1e56fd34408186e4bbccfd4996cb3dc -> 
  custom:container-muxer-webm: aa71ff27fc2769a1b78a27578f13a17b -> 
  custom:container-demuxer-webm: 4f35f7cbe854078d1ac9338744f61a02 -> 
  custom:container-demuxer-ogg: 62fdf1f143b41e24485cea50d1cbac27 -> 
  custom:video-encoder-webm-vp8: eb34c28f22e8b96e1ab97ce403110664 -> 
  custom:video-decoder-webm-vp8: 9c59270c3fd7afecdb556c50c9e8de78 -> 
  custom:audio-decoder-ogg-vorbis: bf7c407c2cedff20999df2af8eb42d56 -> 
  custom:audio-encoder-webm-vorbis: bf7c407c2cedff20999df2af8eb42d56 -> 
========================================================================
Received Import Request.
  path: Assets/#Game/Gameplay/Audio
  artifactKey: Guid(2bf9a059d3bf169499598e5a5936ac2a) Importer(815301076,1909f56bfc062723c751e8b465ee728b)
Start importing Assets/#Game/Gameplay/Audio using Guid(2bf9a059d3bf169499598e5a5936ac2a) Importer(815301076,1909f56bfc062723c751e8b465ee728b)  -> (artifact id: '9faebe0f355348beb2b1cf99f359da53') in 0.008588 seconds 
  Import took 0.011069 seconds .

========================================================================
Received Import Request.
  Time since last request: 9.227529 seconds.
  path: Assets/#Game/Gameplay/Audio/SFX
  artifactKey: Guid(7d33fe04e79fa7b4f82bacead04b730b) Importer(815301076,1909f56bfc062723c751e8b465ee728b)
Start importing Assets/#Game/Gameplay/Audio/SFX using Guid(7d33fe04e79fa7b4f82bacead04b730b) Importer(815301076,1909f56bfc062723c751e8b465ee728b)  -> (artifact id: 'f90c5c1a7118164c07340962ed7448d6') in 0.007490 seconds 
  Import took 0.010444 seconds .

========================================================================
Received Import Request.
  Time since last request: 2.819226 seconds.
  path: Assets/#Game/Gameplay/Audio/Sound FX
  artifactKey: Guid(7d33fe04e79fa7b4f82bacead04b730b) Importer(815301076,1909f56bfc062723c751e8b465ee728b)
Start importing Assets/#Game/Gameplay/Audio/Sound FX using Guid(7d33fe04e79fa7b4f82bacead04b730b) Importer(815301076,1909f56bfc062723c751e8b465ee728b)  -> (artifact id: '799feb8a61b33aec2d78209803093180') in 0.008659 seconds 
  Import took 0.011905 seconds .

========================================================================
Received Import Request.
  Time since last request: 11.862257 seconds.
  path: Assets/#Game/Gameplay/Audio/Sound FX/desktop.ini
  artifactKey: Guid(7fb0e8c7f0946d347b1e2dcdaf8d43cf) Importer(815301076,1909f56bfc062723c751e8b465ee728b)
Start importing Assets/#Game/Gameplay/Audio/Sound FX/desktop.ini using Guid(7fb0e8c7f0946d347b1e2dcdaf8d43cf) Importer(815301076,1909f56bfc062723c751e8b465ee728b)  -> (artifact id: 'dba25ae86eec815c9512466637204b2a') in 0.026036 seconds 
  Import took 0.028691 seconds .

========================================================================
Received Import Request.
  Time since last request: 3.311086 seconds.
  path: Assets/#Game/Gameplay/Audio/Sound FX/carJump.wav
  artifactKey: Guid(e1430509b79e3c84b8030c2448fb3fdf) Importer(815301076,1909f56bfc062723c751e8b465ee728b)
Start importing Assets/#Game/Gameplay/Audio/Sound FX/carJump.wav using Guid(e1430509b79e3c84b8030c2448fb3fdf) Importer(815301076,1909f56bfc062723c751e8b465ee728b)  -> (artifact id: '0bd89dc754a9d480ef2aff216491d16c') in 0.094647 seconds 
  Import took 0.097541 seconds .

========================================================================
Received Import Request.
  Time since last request: 2.561139 seconds.
  path: Assets/#Game/Gameplay/Audio/Sound FX/CarEngine.wav
  artifactKey: Guid(f5c2f5d108df570489d4636ddb751e6b) Importer(815301076,1909f56bfc062723c751e8b465ee728b)
Start importing Assets/#Game/Gameplay/Audio/Sound FX/CarEngine.wav using Guid(f5c2f5d108df570489d4636ddb751e6b) Importer(815301076,1909f56bfc062723c751e8b465ee728b)  -> (artifact id: 'a4ee5d0e81e521101846328c26d57083') in 0.013754 seconds 
  Import took 0.016707 seconds .

========================================================================
Received Import Request.
  Time since last request: 1.766952 seconds.
  path: Assets/#Game/Gameplay/Audio/Sound FX/carhit.wav
  artifactKey: Guid(bf3aadb36a78eb744bdad522ff2beac1) Importer(815301076,1909f56bfc062723c751e8b465ee728b)
Start importing Assets/#Game/Gameplay/Audio/Sound FX/carhit.wav using Guid(bf3aadb36a78eb744bdad522ff2beac1) Importer(815301076,1909f56bfc062723c751e8b465ee728b)  -> (artifact id: '296dc930a6119591f1dd07511bdfef51') in 0.012677 seconds 
  Import took 0.015988 seconds .

========================================================================
Received Import Request.
  Time since last request: 1.467386 seconds.
  path: Assets/#Game/Gameplay/Audio/Sound FX/carJumpLanding.wav
  artifactKey: Guid(4731128bc4779bf499f812f7a072013c) Importer(815301076,1909f56bfc062723c751e8b465ee728b)
Start importing Assets/#Game/Gameplay/Audio/Sound FX/carJumpLanding.wav using Guid(4731128bc4779bf499f812f7a072013c) Importer(815301076,1909f56bfc062723c751e8b465ee728b)  -> (artifact id: 'ade5c4fd072520cec4144e6c005d97b7') in 0.011154 seconds 
  Import took 0.014574 seconds .

========================================================================
Received Import Request.
  Time since last request: 0.574023 seconds.
  path: Assets/#Game/Gameplay/Audio/Sound FX/tirescreech.wav
  artifactKey: Guid(433ee77b1470c814b81a17cd2fdec7a0) Importer(815301076,1909f56bfc062723c751e8b465ee728b)
Start importing Assets/#Game/Gameplay/Audio/Sound FX/tirescreech.wav using Guid(433ee77b1470c814b81a17cd2fdec7a0) Importer(815301076,1909f56bfc062723c751e8b465ee728b)  -> (artifact id: '81a4a5e9ab94413f7188f1d197b18004') in 0.011750 seconds 
  Import took 0.015033 seconds .

AssetImportWorkerClient::OnTransportError - code=2 error=End of file
